2025-09-08 12:14:54,685 - Checking image file:///Users/svenschafermeier/Library/Application%20Support/Signal/attachments.noindex/78/78e0d0ea1cb82b0707bb81c729fe9bf219a9baefbc89f9761f88402eac56be58
2025-09-08 12:14:54,686 - Unsupported image file:///Users/svenschafermeier/Library/Application%20Support/Signal/attachments.noindex/78/78e0d0ea1cb82b0707bb81c729fe9bf219a9baefbc89f9761f88402eac56be58
2025-09-08 12:14:54,686 - Checking image file:///Users/svenschafermeier/Library/Application%20Support/Signal/attachments.noindex/68/688f1b694ba68d1748d1ac2f6774edd34fc1607feaf0b82a06c986fdb3663c9a
2025-09-08 12:14:54,686 - Unsupported image file:///Users/svenschafermeier/Library/Application%20Support/Signal/attachments.noindex/68/688f1b694ba68d1748d1ac2f6774edd34fc1607feaf0b82a06c986fdb3663c9a
2025-09-08 12:14:54,686 - Checking image file:///Users/svenschafermeier/Library/Application%20Support/Signal/attachments.noindex/c4/c44730a7c52cd60260bc1f6380127852595e63ec8fa87ce4bcb6d75c0d473668
2025-09-08 12:14:54,686 - Unsupported image file:///Users/svenschafermeier/Library/Application%20Support/Signal/attachments.noindex/c4/c44730a7c52cd60260bc1f6380127852595e63ec8fa87ce4bcb6d75c0d473668
2025-09-08 12:14:54,687 - Checking image file:///Users/svenschafermeier/Library/Application%20Support/Signal/attachments.noindex/1e/1e022216af2e21c8b8c74ec0dcb37bf5723951c7eeea57a97cc17acfae731b50
2025-09-08 12:14:54,687 - Unsupported image file:///Users/svenschafermeier/Library/Application%20Support/Signal/attachments.noindex/1e/1e022216af2e21c8b8c74ec0dcb37bf5723951c7eeea57a97cc17acfae731b50
2025-09-08 12:14:54,687 - Checking image file:///Users/svenschafermeier/Library/Application%20Support/Signal/attachments.noindex/e3/e31fd73d3c7aebe7d832839bab981f818d23bca7bef587992fc0476bae181624
2025-09-08 12:14:54,687 - Unsupported image file:///Users/svenschafermeier/Library/Application%20Support/Signal/attachments.noindex/e3/e31fd73d3c7aebe7d832839bab981f818d23bca7bef587992fc0476bae181624
2025-09-08 12:14:54,687 - Checking image file:///Users/svenschafermeier/Library/Application%20Support/Signal/attachments.noindex/c7/c71aa2c0bb444bb2df62fd1f968443fe0a33bca6d642de5d115a9391ba3cb9db
2025-09-08 12:14:54,688 - Unsupported image file:///Users/svenschafermeier/Library/Application%20Support/Signal/attachments.noindex/c7/c71aa2c0bb444bb2df62fd1f968443fe0a33bca6d642de5d115a9391ba3cb9db
2025-09-08 12:14:54,688 - Checking image file:///Users/svenschafermeier/Library/Application%20Support/Signal/attachments.noindex/63/63f8705cca6f40c4cab82fdf5b70579c9cfb170927b0c8dc0ff94cd149fdbee4
2025-09-08 12:14:54,688 - Unsupported image file:///Users/svenschafermeier/Library/Application%20Support/Signal/attachments.noindex/63/63f8705cca6f40c4cab82fdf5b70579c9cfb170927b0c8dc0ff94cd149fdbee4
2025-09-08 12:14:54,688 - Checking image file:///Users/svenschafermeier/Library/Application%20Support/Signal/attachments.noindex/d6/d66f6419bd6cb41a0b8e2e13adff1b7f10640275de2ddb7edf7a70083cf178f4
2025-09-08 12:14:54,688 - Unsupported image file:///Users/svenschafermeier/Library/Application%20Support/Signal/attachments.noindex/d6/d66f6419bd6cb41a0b8e2e13adff1b7f10640275de2ddb7edf7a70083cf178f4
2025-09-08 12:14:54,688 - Checking image file:///Users/svenschafermeier/Library/Application%20Support/Signal/attachments.noindex/1d/1d5a9152256bc21b88676dc3f22a2fcfd609bf97e74afe17c5b0c0ed9ed9575b
2025-09-08 12:14:54,689 - Unsupported image file:///Users/svenschafermeier/Library/Application%20Support/Signal/attachments.noindex/1d/1d5a9152256bc21b88676dc3f22a2fcfd609bf97e74afe17c5b0c0ed9ed9575b
2025-09-08 12:14:54,689 - Checking image file:///Users/svenschafermeier/Library/Application%20Support/Signal/attachments.noindex/41/41706ca9867825e59a8a595271d4a560410db70c7354ce3b85e912d2a4f87238
2025-09-08 12:14:54,689 - Unsupported image file:///Users/svenschafermeier/Library/Application%20Support/Signal/attachments.noindex/41/41706ca9867825e59a8a595271d4a560410db70c7354ce3b85e912d2a4f87238
2025-09-08 12:14:54,689 - Checking image file:///Users/svenschafermeier/Library/Application%20Support/Signal/attachments.noindex/c6/c61d464f1046264df79a97180ea7831756196b730056693ffa34ae7c9911ef2a
2025-09-08 12:14:54,689 - Unsupported image file:///Users/svenschafermeier/Library/Application%20Support/Signal/attachments.noindex/c6/c61d464f1046264df79a97180ea7831756196b730056693ffa34ae7c9911ef2a
2025-09-08 12:14:54,689 - Checking image file:///Users/svenschafermeier/Library/Application%20Support/Signal/attachments.noindex/fa/fa8131cc2a838919643850dfc62c0f17c0e12d222c6cccb2f1029bb4ab29e075
2025-09-08 12:14:54,690 - Unsupported image file:///Users/svenschafermeier/Library/Application%20Support/Signal/attachments.noindex/fa/fa8131cc2a838919643850dfc62c0f17c0e12d222c6cccb2f1029bb4ab29e075
2025-09-08 12:14:54,690 - Checking image file:///Users/svenschafermeier/Library/Application%20Support/Signal/attachments.noindex/ab/ab847215d18462eef53fbbcfe77c246cf8a40a9be1564f0665c1216238a8c14d
2025-09-08 12:14:54,690 - Unsupported image file:///Users/svenschafermeier/Library/Application%20Support/Signal/attachments.noindex/ab/ab847215d18462eef53fbbcfe77c246cf8a40a9be1564f0665c1216238a8c14d
2025-09-08 12:14:54,690 - Checking image file:///Users/svenschafermeier/Library/Application%20Support/Signal/attachments.noindex/a4/a4089abbb067d293aa79d01e18cfa6fe98b04a593df8c29e1f91ba6809400a3a
2025-09-08 12:14:54,690 - Unsupported image file:///Users/svenschafermeier/Library/Application%20Support/Signal/attachments.noindex/a4/a4089abbb067d293aa79d01e18cfa6fe98b04a593df8c29e1f91ba6809400a3a
2025-09-08 12:14:54,690 - Checking image file:///Users/svenschafermeier/Library/Application%20Support/Signal/attachments.noindex/2e/2e6d5f2f8ce8babbafef39373a0b3102fe3903362b6a4a1991b2160e3fa8b344
2025-09-08 12:14:54,691 - Unsupported image file:///Users/svenschafermeier/Library/Application%20Support/Signal/attachments.noindex/2e/2e6d5f2f8ce8babbafef39373a0b3102fe3903362b6a4a1991b2160e3fa8b344
2025-09-08 12:14:54,691 - Checking image file:///Users/svenschafermeier/Library/Application%20Support/Signal/attachments.noindex/0b/0b2fd15ca2258a34770a29b43d6b0a7811770d4947db2d744744a1bf14f2b6f5
2025-09-08 12:14:54,691 - Unsupported image file:///Users/svenschafermeier/Library/Application%20Support/Signal/attachments.noindex/0b/0b2fd15ca2258a34770a29b43d6b0a7811770d4947db2d744744a1bf14f2b6f5
2025-09-08 12:14:54,691 - Checking image file:///Users/svenschafermeier/Library/Application%20Support/Signal/attachments.noindex/ea/eaadbb2dead0848c86fd58182ce3f096b4707f3da59c0d76060daa2b9752380a
2025-09-08 12:14:54,692 - Unsupported image file:///Users/svenschafermeier/Library/Application%20Support/Signal/attachments.noindex/ea/eaadbb2dead0848c86fd58182ce3f096b4707f3da59c0d76060daa2b9752380a
2025-09-08 12:14:54,692 - Checking image file:///Users/svenschafermeier/Library/Application%20Support/Signal/attachments.noindex/ab/ab75136914ef0c6dead8de1ddb2092fce383aa6c6bf8a3e0c05e14d6ae5eeebc
2025-09-08 12:14:54,692 - Unsupported image file:///Users/svenschafermeier/Library/Application%20Support/Signal/attachments.noindex/ab/ab75136914ef0c6dead8de1ddb2092fce383aa6c6bf8a3e0c05e14d6ae5eeebc
2025-09-08 12:14:54,692 - Checking image file:///Users/svenschafermeier/Library/Application%20Support/Signal/attachments.noindex/2e/2e1656ddd7d94ecb14d9f193906496c9629de2f3e26f1396e01a61759234a30c
2025-09-08 12:14:54,692 - Unsupported image file:///Users/svenschafermeier/Library/Application%20Support/Signal/attachments.noindex/2e/2e1656ddd7d94ecb14d9f193906496c9629de2f3e26f1396e01a61759234a30c
2025-09-08 12:14:54,692 - Checking image file:///Users/svenschafermeier/Library/Application%20Support/Signal/attachments.noindex/b5/b5457518b38cdd4625d6c494bb427121ea6e3e0de7bc949a09ea9bd41753af35
2025-09-08 12:14:54,693 - Unsupported image file:///Users/svenschafermeier/Library/Application%20Support/Signal/attachments.noindex/b5/b5457518b38cdd4625d6c494bb427121ea6e3e0de7bc949a09ea9bd41753af35
2025-09-08 12:14:54,693 - Checking image file:///Users/svenschafermeier/Library/Application%20Support/Signal/attachments.noindex/60/601881def07c123266b3a54071b3de2019f4f4a798739ee543cf90c6a26b97fa
2025-09-08 12:14:54,693 - Unsupported image file:///Users/svenschafermeier/Library/Application%20Support/Signal/attachments.noindex/60/601881def07c123266b3a54071b3de2019f4f4a798739ee543cf90c6a26b97fa
2025-09-08 12:14:54,693 - Checking image file:///Users/svenschafermeier/Library/Application%20Support/Signal/attachments.noindex/b2/b24b938b7e1aa89573195fd32f869938ee17ee175f1e907bc316f2efba7b53f2
2025-09-08 12:14:54,693 - Unsupported image file:///Users/svenschafermeier/Library/Application%20Support/Signal/attachments.noindex/b2/b24b938b7e1aa89573195fd32f869938ee17ee175f1e907bc316f2efba7b53f2
2025-09-08 12:14:54,693 - Checking image file:///Users/svenschafermeier/Library/Application%20Support/Signal/attachments.noindex/75/756e66885095a47a3bf906ec36594957065195296000fb534d1ecf96d162fb89
2025-09-08 12:14:54,694 - Unsupported image file:///Users/svenschafermeier/Library/Application%20Support/Signal/attachments.noindex/75/756e66885095a47a3bf906ec36594957065195296000fb534d1ecf96d162fb89
2025-09-08 12:14:54,694 - Checking image file:///Users/svenschafermeier/Library/Application%20Support/Signal/attachments.noindex/cb/cb998c31fed8088d864a5561495c7251d14cdb554748dcfc506c909093735eb0
2025-09-08 12:14:54,694 - Unsupported image file:///Users/svenschafermeier/Library/Application%20Support/Signal/attachments.noindex/cb/cb998c31fed8088d864a5561495c7251d14cdb554748dcfc506c909093735eb0
2025-09-08 12:14:54,694 - Checking image file:///Users/svenschafermeier/Library/Application%20Support/Signal/attachments.noindex/0e/0e1d348f795414f2bc2b0cc42ef7d835f0bf4fd9d33a1ec6ba4868a5cf1ad0a0
2025-09-08 12:14:54,694 - Unsupported image file:///Users/svenschafermeier/Library/Application%20Support/Signal/attachments.noindex/0e/0e1d348f795414f2bc2b0cc42ef7d835f0bf4fd9d33a1ec6ba4868a5cf1ad0a0
2025-09-08 12:14:54,694 - Checking image file:///Users/svenschafermeier/Library/Application%20Support/Signal/attachments.noindex/8a/8a6781e432a4e20141743abfc2f568285517760fbc89422e533132c45e356292
2025-09-08 12:14:54,695 - Unsupported image file:///Users/svenschafermeier/Library/Application%20Support/Signal/attachments.noindex/8a/8a6781e432a4e20141743abfc2f568285517760fbc89422e533132c45e356292
2025-09-08 12:14:54,695 - Checking image file:///Users/svenschafermeier/Library/Application%20Support/Signal/attachments.noindex/0f/0f505f79fb3752367eb356af720ba44c88b3839a02aa9f1f4c22fa46d1d3ab19
2025-09-08 12:14:54,695 - Unsupported image file:///Users/svenschafermeier/Library/Application%20Support/Signal/attachments.noindex/0f/0f505f79fb3752367eb356af720ba44c88b3839a02aa9f1f4c22fa46d1d3ab19
2025-09-08 12:14:54,695 - Checking image file:///Users/svenschafermeier/Library/Application%20Support/Signal/attachments.noindex/fb/fb679665a5bf4fbd9f5ba2d8df69d72c623d9d0613f6e440d8cd1a29c459073b
2025-09-08 12:14:54,695 - Unsupported image file:///Users/svenschafermeier/Library/Application%20Support/Signal/attachments.noindex/fb/fb679665a5bf4fbd9f5ba2d8df69d72c623d9d0613f6e440d8cd1a29c459073b
2025-09-08 12:14:54,695 - Checking image file:///Users/svenschafermeier/Library/Application%20Support/Signal/attachments.noindex/99/9920563660617eeb7383f9c9089907e7abeda4bd1d35a004ef116d6bbd8b7bce
2025-09-08 12:14:54,696 - Unsupported image file:///Users/svenschafermeier/Library/Application%20Support/Signal/attachments.noindex/99/9920563660617eeb7383f9c9089907e7abeda4bd1d35a004ef116d6bbd8b7bce
2025-09-08 12:14:54,696 - Checking image file:///Users/svenschafermeier/Library/Application%20Support/Signal/attachments.noindex/44/4458f5ab038088eb443515792dcaf105dc56ea06058d21026c222536121f7bdb
2025-09-08 12:14:54,696 - Unsupported image file:///Users/svenschafermeier/Library/Application%20Support/Signal/attachments.noindex/44/4458f5ab038088eb443515792dcaf105dc56ea06058d21026c222536121f7bdb
2025-09-08 12:14:54,696 - Checking image file:///Users/svenschafermeier/Library/Application%20Support/Signal/attachments.noindex/70/70c220b993c0c41354b16a29014785f435bf167582674a63da801ba31e784282
2025-09-08 12:14:54,696 - Unsupported image file:///Users/svenschafermeier/Library/Application%20Support/Signal/attachments.noindex/70/70c220b993c0c41354b16a29014785f435bf167582674a63da801ba31e784282
2025-09-08 12:14:54,696 - Checking image file:///Users/svenschafermeier/Library/Application%20Support/Signal/attachments.noindex/59/592d68c10308c306b91a06fcb8f91928020bf06d89c39e3953f4499cb318e11e
2025-09-08 12:14:54,697 - Unsupported image file:///Users/svenschafermeier/Library/Application%20Support/Signal/attachments.noindex/59/592d68c10308c306b91a06fcb8f91928020bf06d89c39e3953f4499cb318e11e
2025-09-08 12:14:54,697 - Checking image file:///Users/svenschafermeier/Library/Application%20Support/Signal/attachments.noindex/5c/5c7339a11f7120ec799c5b37eed898c70124241c2cafcf09d4cbf47d91d553f5
2025-09-08 12:14:54,697 - Unsupported image file:///Users/svenschafermeier/Library/Application%20Support/Signal/attachments.noindex/5c/5c7339a11f7120ec799c5b37eed898c70124241c2cafcf09d4cbf47d91d553f5
2025-09-08 12:14:54,697 - Checking image file:///Users/svenschafermeier/Library/Application%20Support/Signal/attachments.noindex/c9/c971df7f60cfd47c37f3062e634227a625d70a8ec75996d71cf33412ed96cb87
2025-09-08 12:14:54,697 - Unsupported image file:///Users/svenschafermeier/Library/Application%20Support/Signal/attachments.noindex/c9/c971df7f60cfd47c37f3062e634227a625d70a8ec75996d71cf33412ed96cb87
2025-09-08 12:14:54,697 - Checking image file:///Users/svenschafermeier/Library/Application%20Support/Signal/attachments.noindex/77/777cb98033c11c2fb1c25182bddf2ff946bfaba4a4bc379982969c9190600312
2025-09-08 12:14:54,698 - Unsupported image file:///Users/svenschafermeier/Library/Application%20Support/Signal/attachments.noindex/77/777cb98033c11c2fb1c25182bddf2ff946bfaba4a4bc379982969c9190600312
2025-09-08 12:14:54,698 - Checking image file:///Users/svenschafermeier/Library/Application%20Support/Signal/attachments.noindex/1a/1aa324cd47707dc26ae6db212e4129cce2a9e4b52d7eef6b207de5735a747e19
2025-09-08 12:14:54,698 - Unsupported image file:///Users/svenschafermeier/Library/Application%20Support/Signal/attachments.noindex/1a/1aa324cd47707dc26ae6db212e4129cce2a9e4b52d7eef6b207de5735a747e19
2025-09-08 12:14:54,698 - Checking image file:///Users/svenschafermeier/Library/Application%20Support/Signal/attachments.noindex/b7/b7d8400ef88a64bb839879d4afa896480826446dd0e528e58f3e3a7861d8a084
2025-09-08 12:14:54,698 - Unsupported image file:///Users/svenschafermeier/Library/Application%20Support/Signal/attachments.noindex/b7/b7d8400ef88a64bb839879d4afa896480826446dd0e528e58f3e3a7861d8a084
2025-09-08 12:14:54,698 - Checking image file:///Users/svenschafermeier/Library/Application%20Support/Signal/attachments.noindex/e5/e59d39e2b751e068e00a04f901cf75465a6b49f8ad8006d31e5758cefcde266c
2025-09-08 12:14:54,699 - Unsupported image file:///Users/svenschafermeier/Library/Application%20Support/Signal/attachments.noindex/e5/e59d39e2b751e068e00a04f901cf75465a6b49f8ad8006d31e5758cefcde266c
2025-09-08 12:14:54,699 - Checking image file:///Users/svenschafermeier/Library/Application%20Support/Signal/attachments.noindex/ac/ac729e1148a936c4245330e290efa4ae1a6d174823f4aad5d0851181c9b25e6a
2025-09-08 12:14:54,699 - Unsupported image file:///Users/svenschafermeier/Library/Application%20Support/Signal/attachments.noindex/ac/ac729e1148a936c4245330e290efa4ae1a6d174823f4aad5d0851181c9b25e6a
2025-09-08 12:14:54,699 - Checking image file:///Users/svenschafermeier/Library/Application%20Support/Signal/attachments.noindex/3a/3afa8ebd7db4687b44cb1a015f0835f9ede03e762b8aebc09c803b694a20d896
2025-09-08 12:14:54,699 - Unsupported image file:///Users/svenschafermeier/Library/Application%20Support/Signal/attachments.noindex/3a/3afa8ebd7db4687b44cb1a015f0835f9ede03e762b8aebc09c803b694a20d896
2025-09-08 12:14:54,699 - Checking image file:///Users/svenschafermeier/Library/Application%20Support/Signal/attachments.noindex/d4/d49499dc3642f1616426074b64ebf60deae93a53dd3d89c42504d758570556f5
2025-09-08 12:14:54,700 - Unsupported image file:///Users/svenschafermeier/Library/Application%20Support/Signal/attachments.noindex/d4/d49499dc3642f1616426074b64ebf60deae93a53dd3d89c42504d758570556f5
2025-09-08 12:23:47,706 - Checking image file:///Users/svenschafermeier/Library/Application%20Support/Signal/attachments.noindex/78/78e0d0ea1cb82b0707bb81c729fe9bf219a9baefbc89f9761f88402eac56be58
2025-09-08 12:23:47,708 - Image file:///Users/svenschafermeier/Library/Application%20Support/Signal/attachments.noindex/78/78e0d0ea1cb82b0707bb81c729fe9bf219a9baefbc89f9761f88402eac56be58 does not exist
2025-09-08 12:23:47,708 - Checking image file:///Users/svenschafermeier/Library/Application%20Support/Signal/attachments.noindex/68/688f1b694ba68d1748d1ac2f6774edd34fc1607feaf0b82a06c986fdb3663c9a
2025-09-08 12:23:47,709 - Image file:///Users/svenschafermeier/Library/Application%20Support/Signal/attachments.noindex/68/688f1b694ba68d1748d1ac2f6774edd34fc1607feaf0b82a06c986fdb3663c9a does not exist
2025-09-08 12:23:47,710 - Checking image file:///Users/svenschafermeier/Library/Application%20Support/Signal/attachments.noindex/c4/c44730a7c52cd60260bc1f6380127852595e63ec8fa87ce4bcb6d75c0d473668
2025-09-08 12:23:47,710 - Image file:///Users/svenschafermeier/Library/Application%20Support/Signal/attachments.noindex/c4/c44730a7c52cd60260bc1f6380127852595e63ec8fa87ce4bcb6d75c0d473668 does not exist
2025-09-08 12:23:47,711 - Checking image file:///Users/svenschafermeier/Library/Application%20Support/Signal/attachments.noindex/1e/1e022216af2e21c8b8c74ec0dcb37bf5723951c7eeea57a97cc17acfae731b50
2025-09-08 12:23:47,711 - Image file:///Users/svenschafermeier/Library/Application%20Support/Signal/attachments.noindex/1e/1e022216af2e21c8b8c74ec0dcb37bf5723951c7eeea57a97cc17acfae731b50 does not exist
2025-09-08 12:23:47,712 - Checking image file:///Users/svenschafermeier/Library/Application%20Support/Signal/attachments.noindex/e3/e31fd73d3c7aebe7d832839bab981f818d23bca7bef587992fc0476bae181624
2025-09-08 12:23:47,712 - Image file:///Users/svenschafermeier/Library/Application%20Support/Signal/attachments.noindex/e3/e31fd73d3c7aebe7d832839bab981f818d23bca7bef587992fc0476bae181624 does not exist
2025-09-08 12:23:47,713 - Checking image file:///Users/svenschafermeier/Library/Application%20Support/Signal/attachments.noindex/c7/c71aa2c0bb444bb2df62fd1f968443fe0a33bca6d642de5d115a9391ba3cb9db
2025-09-08 12:23:47,714 - Image file:///Users/svenschafermeier/Library/Application%20Support/Signal/attachments.noindex/c7/c71aa2c0bb444bb2df62fd1f968443fe0a33bca6d642de5d115a9391ba3cb9db does not exist
2025-09-08 12:23:47,715 - Checking image file:///Users/svenschafermeier/Library/Application%20Support/Signal/attachments.noindex/63/63f8705cca6f40c4cab82fdf5b70579c9cfb170927b0c8dc0ff94cd149fdbee4
2025-09-08 12:23:47,715 - Image file:///Users/svenschafermeier/Library/Application%20Support/Signal/attachments.noindex/63/63f8705cca6f40c4cab82fdf5b70579c9cfb170927b0c8dc0ff94cd149fdbee4 does not exist
2025-09-08 12:23:47,716 - Checking image file:///Users/svenschafermeier/Library/Application%20Support/Signal/attachments.noindex/d6/d66f6419bd6cb41a0b8e2e13adff1b7f10640275de2ddb7edf7a70083cf178f4
2025-09-08 12:23:47,716 - Image file:///Users/svenschafermeier/Library/Application%20Support/Signal/attachments.noindex/d6/d66f6419bd6cb41a0b8e2e13adff1b7f10640275de2ddb7edf7a70083cf178f4 does not exist
2025-09-08 12:23:47,716 - Checking image file:///Users/svenschafermeier/Library/Application%20Support/Signal/attachments.noindex/1d/1d5a9152256bc21b88676dc3f22a2fcfd609bf97e74afe17c5b0c0ed9ed9575b
2025-09-08 12:23:47,717 - Image file:///Users/svenschafermeier/Library/Application%20Support/Signal/attachments.noindex/1d/1d5a9152256bc21b88676dc3f22a2fcfd609bf97e74afe17c5b0c0ed9ed9575b does not exist
2025-09-08 12:23:47,717 - Checking image file:///Users/svenschafermeier/Library/Application%20Support/Signal/attachments.noindex/41/41706ca9867825e59a8a595271d4a560410db70c7354ce3b85e912d2a4f87238
2025-09-08 12:23:47,717 - Image file:///Users/svenschafermeier/Library/Application%20Support/Signal/attachments.noindex/41/41706ca9867825e59a8a595271d4a560410db70c7354ce3b85e912d2a4f87238 does not exist
2025-09-08 12:23:47,717 - Checking image file:///Users/svenschafermeier/Library/Application%20Support/Signal/attachments.noindex/c6/c61d464f1046264df79a97180ea7831756196b730056693ffa34ae7c9911ef2a
2025-09-08 12:23:47,718 - Image file:///Users/svenschafermeier/Library/Application%20Support/Signal/attachments.noindex/c6/c61d464f1046264df79a97180ea7831756196b730056693ffa34ae7c9911ef2a does not exist
2025-09-08 12:23:47,718 - Checking image file:///Users/svenschafermeier/Library/Application%20Support/Signal/attachments.noindex/fa/fa8131cc2a838919643850dfc62c0f17c0e12d222c6cccb2f1029bb4ab29e075
2025-09-08 12:23:47,718 - Image file:///Users/svenschafermeier/Library/Application%20Support/Signal/attachments.noindex/fa/fa8131cc2a838919643850dfc62c0f17c0e12d222c6cccb2f1029bb4ab29e075 does not exist
2025-09-08 12:23:47,718 - Checking image file:///Users/svenschafermeier/Library/Application%20Support/Signal/attachments.noindex/ab/ab847215d18462eef53fbbcfe77c246cf8a40a9be1564f0665c1216238a8c14d
2025-09-08 12:23:47,719 - Image file:///Users/svenschafermeier/Library/Application%20Support/Signal/attachments.noindex/ab/ab847215d18462eef53fbbcfe77c246cf8a40a9be1564f0665c1216238a8c14d does not exist
2025-09-08 12:23:47,719 - Checking image file:///Users/svenschafermeier/Library/Application%20Support/Signal/attachments.noindex/a4/a4089abbb067d293aa79d01e18cfa6fe98b04a593df8c29e1f91ba6809400a3a
2025-09-08 12:23:47,720 - Image file:///Users/svenschafermeier/Library/Application%20Support/Signal/attachments.noindex/a4/a4089abbb067d293aa79d01e18cfa6fe98b04a593df8c29e1f91ba6809400a3a does not exist
2025-09-08 12:23:47,720 - Checking image file:///Users/svenschafermeier/Library/Application%20Support/Signal/attachments.noindex/2e/2e6d5f2f8ce8babbafef39373a0b3102fe3903362b6a4a1991b2160e3fa8b344
2025-09-08 12:23:47,720 - Image file:///Users/svenschafermeier/Library/Application%20Support/Signal/attachments.noindex/2e/2e6d5f2f8ce8babbafef39373a0b3102fe3903362b6a4a1991b2160e3fa8b344 does not exist
2025-09-08 12:23:47,720 - Checking image file:///Users/svenschafermeier/Library/Application%20Support/Signal/attachments.noindex/0b/0b2fd15ca2258a34770a29b43d6b0a7811770d4947db2d744744a1bf14f2b6f5
2025-09-08 12:23:47,721 - Image file:///Users/svenschafermeier/Library/Application%20Support/Signal/attachments.noindex/0b/0b2fd15ca2258a34770a29b43d6b0a7811770d4947db2d744744a1bf14f2b6f5 does not exist
2025-09-08 12:23:47,721 - Checking image file:///Users/svenschafermeier/Library/Application%20Support/Signal/attachments.noindex/ea/eaadbb2dead0848c86fd58182ce3f096b4707f3da59c0d76060daa2b9752380a
2025-09-08 12:23:47,721 - Image file:///Users/svenschafermeier/Library/Application%20Support/Signal/attachments.noindex/ea/eaadbb2dead0848c86fd58182ce3f096b4707f3da59c0d76060daa2b9752380a does not exist
2025-09-08 12:23:47,721 - Checking image file:///Users/svenschafermeier/Library/Application%20Support/Signal/attachments.noindex/ab/ab75136914ef0c6dead8de1ddb2092fce383aa6c6bf8a3e0c05e14d6ae5eeebc
2025-09-08 12:23:47,722 - Image file:///Users/svenschafermeier/Library/Application%20Support/Signal/attachments.noindex/ab/ab75136914ef0c6dead8de1ddb2092fce383aa6c6bf8a3e0c05e14d6ae5eeebc does not exist
2025-09-08 12:23:47,722 - Checking image file:///Users/svenschafermeier/Library/Application%20Support/Signal/attachments.noindex/2e/2e1656ddd7d94ecb14d9f193906496c9629de2f3e26f1396e01a61759234a30c
2025-09-08 12:23:47,722 - Image file:///Users/svenschafermeier/Library/Application%20Support/Signal/attachments.noindex/2e/2e1656ddd7d94ecb14d9f193906496c9629de2f3e26f1396e01a61759234a30c does not exist
2025-09-08 12:23:47,722 - Checking image file:///Users/svenschafermeier/Library/Application%20Support/Signal/attachments.noindex/b5/b5457518b38cdd4625d6c494bb427121ea6e3e0de7bc949a09ea9bd41753af35
2025-09-08 12:23:47,723 - Image file:///Users/svenschafermeier/Library/Application%20Support/Signal/attachments.noindex/b5/b5457518b38cdd4625d6c494bb427121ea6e3e0de7bc949a09ea9bd41753af35 does not exist
2025-09-08 12:23:47,723 - Checking image file:///Users/svenschafermeier/Library/Application%20Support/Signal/attachments.noindex/60/601881def07c123266b3a54071b3de2019f4f4a798739ee543cf90c6a26b97fa
2025-09-08 12:23:47,723 - Image file:///Users/svenschafermeier/Library/Application%20Support/Signal/attachments.noindex/60/601881def07c123266b3a54071b3de2019f4f4a798739ee543cf90c6a26b97fa does not exist
2025-09-08 12:23:47,724 - Checking image file:///Users/svenschafermeier/Library/Application%20Support/Signal/attachments.noindex/b2/b24b938b7e1aa89573195fd32f869938ee17ee175f1e907bc316f2efba7b53f2
2025-09-08 12:23:47,724 - Image file:///Users/svenschafermeier/Library/Application%20Support/Signal/attachments.noindex/b2/b24b938b7e1aa89573195fd32f869938ee17ee175f1e907bc316f2efba7b53f2 does not exist
2025-09-08 12:23:47,724 - Checking image file:///Users/svenschafermeier/Library/Application%20Support/Signal/attachments.noindex/75/756e66885095a47a3bf906ec36594957065195296000fb534d1ecf96d162fb89
2025-09-08 12:23:47,725 - Image file:///Users/svenschafermeier/Library/Application%20Support/Signal/attachments.noindex/75/756e66885095a47a3bf906ec36594957065195296000fb534d1ecf96d162fb89 does not exist
2025-09-08 12:23:47,725 - Checking image file:///Users/svenschafermeier/Library/Application%20Support/Signal/attachments.noindex/cb/cb998c31fed8088d864a5561495c7251d14cdb554748dcfc506c909093735eb0
2025-09-08 12:23:47,726 - Image file:///Users/svenschafermeier/Library/Application%20Support/Signal/attachments.noindex/cb/cb998c31fed8088d864a5561495c7251d14cdb554748dcfc506c909093735eb0 does not exist
2025-09-08 12:23:47,727 - Checking image file:///Users/svenschafermeier/Library/Application%20Support/Signal/attachments.noindex/0e/0e1d348f795414f2bc2b0cc42ef7d835f0bf4fd9d33a1ec6ba4868a5cf1ad0a0
2025-09-08 12:23:47,727 - Image file:///Users/svenschafermeier/Library/Application%20Support/Signal/attachments.noindex/0e/0e1d348f795414f2bc2b0cc42ef7d835f0bf4fd9d33a1ec6ba4868a5cf1ad0a0 does not exist
2025-09-08 12:23:47,727 - Checking image file:///Users/svenschafermeier/Library/Application%20Support/Signal/attachments.noindex/8a/8a6781e432a4e20141743abfc2f568285517760fbc89422e533132c45e356292
2025-09-08 12:23:47,728 - Image file:///Users/svenschafermeier/Library/Application%20Support/Signal/attachments.noindex/8a/8a6781e432a4e20141743abfc2f568285517760fbc89422e533132c45e356292 does not exist
2025-09-08 12:23:47,728 - Checking image file:///Users/svenschafermeier/Library/Application%20Support/Signal/attachments.noindex/0f/0f505f79fb3752367eb356af720ba44c88b3839a02aa9f1f4c22fa46d1d3ab19
2025-09-08 12:23:47,729 - Image file:///Users/svenschafermeier/Library/Application%20Support/Signal/attachments.noindex/0f/0f505f79fb3752367eb356af720ba44c88b3839a02aa9f1f4c22fa46d1d3ab19 does not exist
2025-09-08 12:23:47,729 - Checking image file:///Users/svenschafermeier/Library/Application%20Support/Signal/attachments.noindex/fb/fb679665a5bf4fbd9f5ba2d8df69d72c623d9d0613f6e440d8cd1a29c459073b
2025-09-08 12:23:47,729 - Image file:///Users/svenschafermeier/Library/Application%20Support/Signal/attachments.noindex/fb/fb679665a5bf4fbd9f5ba2d8df69d72c623d9d0613f6e440d8cd1a29c459073b does not exist
2025-09-08 12:23:47,729 - Checking image file:///Users/svenschafermeier/Library/Application%20Support/Signal/attachments.noindex/99/9920563660617eeb7383f9c9089907e7abeda4bd1d35a004ef116d6bbd8b7bce
2025-09-08 12:23:47,730 - Image file:///Users/svenschafermeier/Library/Application%20Support/Signal/attachments.noindex/99/9920563660617eeb7383f9c9089907e7abeda4bd1d35a004ef116d6bbd8b7bce does not exist
2025-09-08 12:23:47,731 - Checking image file:///Users/svenschafermeier/Library/Application%20Support/Signal/attachments.noindex/44/4458f5ab038088eb443515792dcaf105dc56ea06058d21026c222536121f7bdb
2025-09-08 12:23:47,731 - Image file:///Users/svenschafermeier/Library/Application%20Support/Signal/attachments.noindex/44/4458f5ab038088eb443515792dcaf105dc56ea06058d21026c222536121f7bdb does not exist
2025-09-08 12:23:47,732 - Checking image file:///Users/svenschafermeier/Library/Application%20Support/Signal/attachments.noindex/70/70c220b993c0c41354b16a29014785f435bf167582674a63da801ba31e784282
2025-09-08 12:23:47,732 - Image file:///Users/svenschafermeier/Library/Application%20Support/Signal/attachments.noindex/70/70c220b993c0c41354b16a29014785f435bf167582674a63da801ba31e784282 does not exist
2025-09-08 12:23:47,732 - Checking image file:///Users/svenschafermeier/Library/Application%20Support/Signal/attachments.noindex/59/592d68c10308c306b91a06fcb8f91928020bf06d89c39e3953f4499cb318e11e
2025-09-08 12:23:47,733 - Image file:///Users/svenschafermeier/Library/Application%20Support/Signal/attachments.noindex/59/592d68c10308c306b91a06fcb8f91928020bf06d89c39e3953f4499cb318e11e does not exist
2025-09-08 12:23:47,733 - Checking image file:///Users/svenschafermeier/Library/Application%20Support/Signal/attachments.noindex/5c/5c7339a11f7120ec799c5b37eed898c70124241c2cafcf09d4cbf47d91d553f5
2025-09-08 12:23:47,733 - Image file:///Users/svenschafermeier/Library/Application%20Support/Signal/attachments.noindex/5c/5c7339a11f7120ec799c5b37eed898c70124241c2cafcf09d4cbf47d91d553f5 does not exist
2025-09-08 12:23:47,733 - Checking image file:///Users/svenschafermeier/Library/Application%20Support/Signal/attachments.noindex/c9/c971df7f60cfd47c37f3062e634227a625d70a8ec75996d71cf33412ed96cb87
2025-09-08 12:23:47,734 - Image file:///Users/svenschafermeier/Library/Application%20Support/Signal/attachments.noindex/c9/c971df7f60cfd47c37f3062e634227a625d70a8ec75996d71cf33412ed96cb87 does not exist
2025-09-08 12:23:47,734 - Checking image file:///Users/svenschafermeier/Library/Application%20Support/Signal/attachments.noindex/77/777cb98033c11c2fb1c25182bddf2ff946bfaba4a4bc379982969c9190600312
2025-09-08 12:23:47,734 - Image file:///Users/svenschafermeier/Library/Application%20Support/Signal/attachments.noindex/77/777cb98033c11c2fb1c25182bddf2ff946bfaba4a4bc379982969c9190600312 does not exist
2025-09-08 12:23:47,735 - Checking image file:///Users/svenschafermeier/Library/Application%20Support/Signal/attachments.noindex/1a/1aa324cd47707dc26ae6db212e4129cce2a9e4b52d7eef6b207de5735a747e19
2025-09-08 12:23:47,735 - Image file:///Users/svenschafermeier/Library/Application%20Support/Signal/attachments.noindex/1a/1aa324cd47707dc26ae6db212e4129cce2a9e4b52d7eef6b207de5735a747e19 does not exist
2025-09-08 12:23:47,735 - Checking image file:///Users/svenschafermeier/Library/Application%20Support/Signal/attachments.noindex/b7/b7d8400ef88a64bb839879d4afa896480826446dd0e528e58f3e3a7861d8a084
2025-09-08 12:23:47,735 - Image file:///Users/svenschafermeier/Library/Application%20Support/Signal/attachments.noindex/b7/b7d8400ef88a64bb839879d4afa896480826446dd0e528e58f3e3a7861d8a084 does not exist
2025-09-08 12:23:47,736 - Checking image file:///Users/svenschafermeier/Library/Application%20Support/Signal/attachments.noindex/e5/e59d39e2b751e068e00a04f901cf75465a6b49f8ad8006d31e5758cefcde266c
2025-09-08 12:23:47,736 - Image file:///Users/svenschafermeier/Library/Application%20Support/Signal/attachments.noindex/e5/e59d39e2b751e068e00a04f901cf75465a6b49f8ad8006d31e5758cefcde266c does not exist
2025-09-08 12:23:47,737 - Checking image file:///Users/svenschafermeier/Library/Application%20Support/Signal/attachments.noindex/ac/ac729e1148a936c4245330e290efa4ae1a6d174823f4aad5d0851181c9b25e6a
2025-09-08 12:23:47,737 - Image file:///Users/svenschafermeier/Library/Application%20Support/Signal/attachments.noindex/ac/ac729e1148a936c4245330e290efa4ae1a6d174823f4aad5d0851181c9b25e6a does not exist
2025-09-08 12:23:47,737 - Checking image file:///Users/svenschafermeier/Library/Application%20Support/Signal/attachments.noindex/3a/3afa8ebd7db4687b44cb1a015f0835f9ede03e762b8aebc09c803b694a20d896
2025-09-08 12:23:47,738 - Image file:///Users/svenschafermeier/Library/Application%20Support/Signal/attachments.noindex/3a/3afa8ebd7db4687b44cb1a015f0835f9ede03e762b8aebc09c803b694a20d896 does not exist
2025-09-08 12:23:47,738 - Checking image file:///Users/svenschafermeier/Library/Application%20Support/Signal/attachments.noindex/d4/d49499dc3642f1616426074b64ebf60deae93a53dd3d89c42504d758570556f5
2025-09-08 12:23:47,739 - Image file:///Users/svenschafermeier/Library/Application%20Support/Signal/attachments.noindex/d4/d49499dc3642f1616426074b64ebf60deae93a53dd3d89c42504d758570556f5 does not exist
2025-09-08 12:25:57,152 - Checking image file:///Users/svenschafermeier/Library/ApplicationSupport/Signal/attachments.noindex/78/78e0d0ea1cb82b0707bb81c729fe9bf219a9baefbc89f9761f88402eac56be58
2025-09-08 12:25:57,152 - Image file:///Users/svenschafermeier/Library/ApplicationSupport/Signal/attachments.noindex/78/78e0d0ea1cb82b0707bb81c729fe9bf219a9baefbc89f9761f88402eac56be58 does not exist
2025-09-08 12:25:57,152 - Checking image file:///Users/svenschafermeier/Library/ApplicationSupport/Signal/attachments.noindex/68/688f1b694ba68d1748d1ac2f6774edd34fc1607feaf0b82a06c986fdb3663c9a
2025-09-08 12:25:57,152 - Image file:///Users/svenschafermeier/Library/ApplicationSupport/Signal/attachments.noindex/68/688f1b694ba68d1748d1ac2f6774edd34fc1607feaf0b82a06c986fdb3663c9a does not exist
2025-09-08 12:25:57,152 - Checking image file:///Users/svenschafermeier/Library/ApplicationSupport/Signal/attachments.noindex/c4/c44730a7c52cd60260bc1f6380127852595e63ec8fa87ce4bcb6d75c0d473668
2025-09-08 12:25:57,153 - Image file:///Users/svenschafermeier/Library/ApplicationSupport/Signal/attachments.noindex/c4/c44730a7c52cd60260bc1f6380127852595e63ec8fa87ce4bcb6d75c0d473668 does not exist
2025-09-08 12:25:57,153 - Checking image file:///Users/svenschafermeier/Library/ApplicationSupport/Signal/attachments.noindex/1e/1e022216af2e21c8b8c74ec0dcb37bf5723951c7eeea57a97cc17acfae731b50
2025-09-08 12:25:57,153 - Image file:///Users/svenschafermeier/Library/ApplicationSupport/Signal/attachments.noindex/1e/1e022216af2e21c8b8c74ec0dcb37bf5723951c7eeea57a97cc17acfae731b50 does not exist
2025-09-08 12:25:57,153 - Checking image file:///Users/svenschafermeier/Library/ApplicationSupport/Signal/attachments.noindex/e3/e31fd73d3c7aebe7d832839bab981f818d23bca7bef587992fc0476bae181624
2025-09-08 12:25:57,153 - Image file:///Users/svenschafermeier/Library/ApplicationSupport/Signal/attachments.noindex/e3/e31fd73d3c7aebe7d832839bab981f818d23bca7bef587992fc0476bae181624 does not exist
2025-09-08 12:25:57,153 - Checking image file:///Users/svenschafermeier/Library/ApplicationSupport/Signal/attachments.noindex/c7/c71aa2c0bb444bb2df62fd1f968443fe0a33bca6d642de5d115a9391ba3cb9db
2025-09-08 12:25:57,153 - Image file:///Users/svenschafermeier/Library/ApplicationSupport/Signal/attachments.noindex/c7/c71aa2c0bb444bb2df62fd1f968443fe0a33bca6d642de5d115a9391ba3cb9db does not exist
2025-09-08 12:25:57,153 - Checking image file:///Users/svenschafermeier/Library/ApplicationSupport/Signal/attachments.noindex/63/63f8705cca6f40c4cab82fdf5b70579c9cfb170927b0c8dc0ff94cd149fdbee4
2025-09-08 12:25:57,153 - Image file:///Users/svenschafermeier/Library/ApplicationSupport/Signal/attachments.noindex/63/63f8705cca6f40c4cab82fdf5b70579c9cfb170927b0c8dc0ff94cd149fdbee4 does not exist
2025-09-08 12:25:57,153 - Checking image file:///Users/svenschafermeier/Library/ApplicationSupport/Signal/attachments.noindex/d6/d66f6419bd6cb41a0b8e2e13adff1b7f10640275de2ddb7edf7a70083cf178f4
2025-09-08 12:25:57,153 - Image file:///Users/svenschafermeier/Library/ApplicationSupport/Signal/attachments.noindex/d6/d66f6419bd6cb41a0b8e2e13adff1b7f10640275de2ddb7edf7a70083cf178f4 does not exist
2025-09-08 12:25:57,153 - Checking image file:///Users/svenschafermeier/Library/ApplicationSupport/Signal/attachments.noindex/1d/1d5a9152256bc21b88676dc3f22a2fcfd609bf97e74afe17c5b0c0ed9ed9575b
2025-09-08 12:25:57,153 - Image file:///Users/svenschafermeier/Library/ApplicationSupport/Signal/attachments.noindex/1d/1d5a9152256bc21b88676dc3f22a2fcfd609bf97e74afe17c5b0c0ed9ed9575b does not exist
2025-09-08 12:25:57,153 - Checking image file:///Users/svenschafermeier/Library/ApplicationSupport/Signal/attachments.noindex/41/41706ca9867825e59a8a595271d4a560410db70c7354ce3b85e912d2a4f87238
2025-09-08 12:25:57,153 - Image file:///Users/svenschafermeier/Library/ApplicationSupport/Signal/attachments.noindex/41/41706ca9867825e59a8a595271d4a560410db70c7354ce3b85e912d2a4f87238 does not exist
2025-09-08 12:25:57,153 - Checking image file:///Users/svenschafermeier/Library/ApplicationSupport/Signal/attachments.noindex/c6/c61d464f1046264df79a97180ea7831756196b730056693ffa34ae7c9911ef2a
2025-09-08 12:25:57,153 - Image file:///Users/svenschafermeier/Library/ApplicationSupport/Signal/attachments.noindex/c6/c61d464f1046264df79a97180ea7831756196b730056693ffa34ae7c9911ef2a does not exist
2025-09-08 12:25:57,153 - Checking image file:///Users/svenschafermeier/Library/ApplicationSupport/Signal/attachments.noindex/fa/fa8131cc2a838919643850dfc62c0f17c0e12d222c6cccb2f1029bb4ab29e075
2025-09-08 12:25:57,153 - Image file:///Users/svenschafermeier/Library/ApplicationSupport/Signal/attachments.noindex/fa/fa8131cc2a838919643850dfc62c0f17c0e12d222c6cccb2f1029bb4ab29e075 does not exist
2025-09-08 12:25:57,154 - Checking image file:///Users/svenschafermeier/Library/ApplicationSupport/Signal/attachments.noindex/ab/ab847215d18462eef53fbbcfe77c246cf8a40a9be1564f0665c1216238a8c14d
2025-09-08 12:25:57,154 - Image file:///Users/svenschafermeier/Library/ApplicationSupport/Signal/attachments.noindex/ab/ab847215d18462eef53fbbcfe77c246cf8a40a9be1564f0665c1216238a8c14d does not exist
2025-09-08 12:25:57,154 - Checking image file:///Users/svenschafermeier/Library/ApplicationSupport/Signal/attachments.noindex/a4/a4089abbb067d293aa79d01e18cfa6fe98b04a593df8c29e1f91ba6809400a3a
2025-09-08 12:25:57,154 - Image file:///Users/svenschafermeier/Library/ApplicationSupport/Signal/attachments.noindex/a4/a4089abbb067d293aa79d01e18cfa6fe98b04a593df8c29e1f91ba6809400a3a does not exist
2025-09-08 12:25:57,154 - Checking image file:///Users/svenschafermeier/Library/ApplicationSupport/Signal/attachments.noindex/2e/2e6d5f2f8ce8babbafef39373a0b3102fe3903362b6a4a1991b2160e3fa8b344
2025-09-08 12:25:57,154 - Image file:///Users/svenschafermeier/Library/ApplicationSupport/Signal/attachments.noindex/2e/2e6d5f2f8ce8babbafef39373a0b3102fe3903362b6a4a1991b2160e3fa8b344 does not exist
2025-09-08 12:25:57,154 - Checking image file:///Users/svenschafermeier/Library/ApplicationSupport/Signal/attachments.noindex/0b/0b2fd15ca2258a34770a29b43d6b0a7811770d4947db2d744744a1bf14f2b6f5
2025-09-08 12:25:57,154 - Image file:///Users/svenschafermeier/Library/ApplicationSupport/Signal/attachments.noindex/0b/0b2fd15ca2258a34770a29b43d6b0a7811770d4947db2d744744a1bf14f2b6f5 does not exist
2025-09-08 12:25:57,154 - Checking image file:///Users/svenschafermeier/Library/ApplicationSupport/Signal/attachments.noindex/ea/eaadbb2dead0848c86fd58182ce3f096b4707f3da59c0d76060daa2b9752380a
2025-09-08 12:25:57,154 - Image file:///Users/svenschafermeier/Library/ApplicationSupport/Signal/attachments.noindex/ea/eaadbb2dead0848c86fd58182ce3f096b4707f3da59c0d76060daa2b9752380a does not exist
2025-09-08 12:25:57,154 - Checking image file:///Users/svenschafermeier/Library/ApplicationSupport/Signal/attachments.noindex/ab/ab75136914ef0c6dead8de1ddb2092fce383aa6c6bf8a3e0c05e14d6ae5eeebc
2025-09-08 12:25:57,154 - Image file:///Users/svenschafermeier/Library/ApplicationSupport/Signal/attachments.noindex/ab/ab75136914ef0c6dead8de1ddb2092fce383aa6c6bf8a3e0c05e14d6ae5eeebc does not exist
2025-09-08 12:25:57,154 - Checking image file:///Users/svenschafermeier/Library/ApplicationSupport/Signal/attachments.noindex/2e/2e1656ddd7d94ecb14d9f193906496c9629de2f3e26f1396e01a61759234a30c
2025-09-08 12:25:57,154 - Image file:///Users/svenschafermeier/Library/ApplicationSupport/Signal/attachments.noindex/2e/2e1656ddd7d94ecb14d9f193906496c9629de2f3e26f1396e01a61759234a30c does not exist
2025-09-08 12:25:57,154 - Checking image file:///Users/svenschafermeier/Library/ApplicationSupport/Signal/attachments.noindex/b5/b5457518b38cdd4625d6c494bb427121ea6e3e0de7bc949a09ea9bd41753af35
2025-09-08 12:25:57,154 - Image file:///Users/svenschafermeier/Library/ApplicationSupport/Signal/attachments.noindex/b5/b5457518b38cdd4625d6c494bb427121ea6e3e0de7bc949a09ea9bd41753af35 does not exist
2025-09-08 12:25:57,154 - Checking image file:///Users/svenschafermeier/Library/ApplicationSupport/Signal/attachments.noindex/60/601881def07c123266b3a54071b3de2019f4f4a798739ee543cf90c6a26b97fa
2025-09-08 12:25:57,154 - Image file:///Users/svenschafermeier/Library/ApplicationSupport/Signal/attachments.noindex/60/601881def07c123266b3a54071b3de2019f4f4a798739ee543cf90c6a26b97fa does not exist
2025-09-08 12:25:57,154 - Checking image file:///Users/svenschafermeier/Library/ApplicationSupport/Signal/attachments.noindex/b2/b24b938b7e1aa89573195fd32f869938ee17ee175f1e907bc316f2efba7b53f2
2025-09-08 12:25:57,154 - Image file:///Users/svenschafermeier/Library/ApplicationSupport/Signal/attachments.noindex/b2/b24b938b7e1aa89573195fd32f869938ee17ee175f1e907bc316f2efba7b53f2 does not exist
2025-09-08 12:25:57,154 - Checking image file:///Users/svenschafermeier/Library/ApplicationSupport/Signal/attachments.noindex/75/756e66885095a47a3bf906ec36594957065195296000fb534d1ecf96d162fb89
2025-09-08 12:25:57,154 - Image file:///Users/svenschafermeier/Library/ApplicationSupport/Signal/attachments.noindex/75/756e66885095a47a3bf906ec36594957065195296000fb534d1ecf96d162fb89 does not exist
2025-09-08 12:25:57,154 - Checking image file:///Users/svenschafermeier/Library/ApplicationSupport/Signal/attachments.noindex/cb/cb998c31fed8088d864a5561495c7251d14cdb554748dcfc506c909093735eb0
2025-09-08 12:25:57,155 - Image file:///Users/svenschafermeier/Library/ApplicationSupport/Signal/attachments.noindex/cb/cb998c31fed8088d864a5561495c7251d14cdb554748dcfc506c909093735eb0 does not exist
2025-09-08 12:25:57,155 - Checking image file:///Users/svenschafermeier/Library/ApplicationSupport/Signal/attachments.noindex/0e/0e1d348f795414f2bc2b0cc42ef7d835f0bf4fd9d33a1ec6ba4868a5cf1ad0a0
2025-09-08 12:25:57,155 - Image file:///Users/svenschafermeier/Library/ApplicationSupport/Signal/attachments.noindex/0e/0e1d348f795414f2bc2b0cc42ef7d835f0bf4fd9d33a1ec6ba4868a5cf1ad0a0 does not exist
2025-09-08 12:25:57,155 - Checking image file:///Users/svenschafermeier/Library/ApplicationSupport/Signal/attachments.noindex/8a/8a6781e432a4e20141743abfc2f568285517760fbc89422e533132c45e356292
2025-09-08 12:25:57,155 - Image file:///Users/svenschafermeier/Library/ApplicationSupport/Signal/attachments.noindex/8a/8a6781e432a4e20141743abfc2f568285517760fbc89422e533132c45e356292 does not exist
2025-09-08 12:25:57,155 - Checking image file:///Users/svenschafermeier/Library/ApplicationSupport/Signal/attachments.noindex/0f/0f505f79fb3752367eb356af720ba44c88b3839a02aa9f1f4c22fa46d1d3ab19
2025-09-08 12:25:57,155 - Image file:///Users/svenschafermeier/Library/ApplicationSupport/Signal/attachments.noindex/0f/0f505f79fb3752367eb356af720ba44c88b3839a02aa9f1f4c22fa46d1d3ab19 does not exist
2025-09-08 12:25:57,155 - Checking image file:///Users/svenschafermeier/Library/ApplicationSupport/Signal/attachments.noindex/fb/fb679665a5bf4fbd9f5ba2d8df69d72c623d9d0613f6e440d8cd1a29c459073b
2025-09-08 12:25:57,155 - Image file:///Users/svenschafermeier/Library/ApplicationSupport/Signal/attachments.noindex/fb/fb679665a5bf4fbd9f5ba2d8df69d72c623d9d0613f6e440d8cd1a29c459073b does not exist
2025-09-08 12:25:57,155 - Checking image file:///Users/svenschafermeier/Library/ApplicationSupport/Signal/attachments.noindex/99/9920563660617eeb7383f9c9089907e7abeda4bd1d35a004ef116d6bbd8b7bce
2025-09-08 12:25:57,155 - Image file:///Users/svenschafermeier/Library/ApplicationSupport/Signal/attachments.noindex/99/9920563660617eeb7383f9c9089907e7abeda4bd1d35a004ef116d6bbd8b7bce does not exist
2025-09-08 12:25:57,155 - Checking image file:///Users/svenschafermeier/Library/ApplicationSupport/Signal/attachments.noindex/44/4458f5ab038088eb443515792dcaf105dc56ea06058d21026c222536121f7bdb
2025-09-08 12:25:57,155 - Image file:///Users/svenschafermeier/Library/ApplicationSupport/Signal/attachments.noindex/44/4458f5ab038088eb443515792dcaf105dc56ea06058d21026c222536121f7bdb does not exist
2025-09-08 12:25:57,155 - Checking image file:///Users/svenschafermeier/Library/ApplicationSupport/Signal/attachments.noindex/70/70c220b993c0c41354b16a29014785f435bf167582674a63da801ba31e784282
2025-09-08 12:25:57,155 - Image file:///Users/svenschafermeier/Library/ApplicationSupport/Signal/attachments.noindex/70/70c220b993c0c41354b16a29014785f435bf167582674a63da801ba31e784282 does not exist
2025-09-08 12:25:57,155 - Checking image file:///Users/svenschafermeier/Library/ApplicationSupport/Signal/attachments.noindex/59/592d68c10308c306b91a06fcb8f91928020bf06d89c39e3953f4499cb318e11e
2025-09-08 12:25:57,155 - Image file:///Users/svenschafermeier/Library/ApplicationSupport/Signal/attachments.noindex/59/592d68c10308c306b91a06fcb8f91928020bf06d89c39e3953f4499cb318e11e does not exist
2025-09-08 12:25:57,155 - Checking image file:///Users/svenschafermeier/Library/ApplicationSupport/Signal/attachments.noindex/5c/5c7339a11f7120ec799c5b37eed898c70124241c2cafcf09d4cbf47d91d553f5
2025-09-08 12:25:57,155 - Image file:///Users/svenschafermeier/Library/ApplicationSupport/Signal/attachments.noindex/5c/5c7339a11f7120ec799c5b37eed898c70124241c2cafcf09d4cbf47d91d553f5 does not exist
2025-09-08 12:25:57,155 - Checking image file:///Users/svenschafermeier/Library/ApplicationSupport/Signal/attachments.noindex/c9/c971df7f60cfd47c37f3062e634227a625d70a8ec75996d71cf33412ed96cb87
2025-09-08 12:25:57,155 - Image file:///Users/svenschafermeier/Library/ApplicationSupport/Signal/attachments.noindex/c9/c971df7f60cfd47c37f3062e634227a625d70a8ec75996d71cf33412ed96cb87 does not exist
2025-09-08 12:25:57,156 - Checking image file:///Users/svenschafermeier/Library/ApplicationSupport/Signal/attachments.noindex/77/777cb98033c11c2fb1c25182bddf2ff946bfaba4a4bc379982969c9190600312
2025-09-08 12:25:57,156 - Image file:///Users/svenschafermeier/Library/ApplicationSupport/Signal/attachments.noindex/77/777cb98033c11c2fb1c25182bddf2ff946bfaba4a4bc379982969c9190600312 does not exist
2025-09-08 12:25:57,156 - Checking image file:///Users/svenschafermeier/Library/ApplicationSupport/Signal/attachments.noindex/1a/1aa324cd47707dc26ae6db212e4129cce2a9e4b52d7eef6b207de5735a747e19
2025-09-08 12:25:57,156 - Image file:///Users/svenschafermeier/Library/ApplicationSupport/Signal/attachments.noindex/1a/1aa324cd47707dc26ae6db212e4129cce2a9e4b52d7eef6b207de5735a747e19 does not exist
2025-09-08 12:25:57,156 - Checking image file:///Users/svenschafermeier/Library/ApplicationSupport/Signal/attachments.noindex/b7/b7d8400ef88a64bb839879d4afa896480826446dd0e528e58f3e3a7861d8a084
2025-09-08 12:25:57,156 - Image file:///Users/svenschafermeier/Library/ApplicationSupport/Signal/attachments.noindex/b7/b7d8400ef88a64bb839879d4afa896480826446dd0e528e58f3e3a7861d8a084 does not exist
2025-09-08 12:25:57,156 - Checking image file:///Users/svenschafermeier/Library/ApplicationSupport/Signal/attachments.noindex/e5/e59d39e2b751e068e00a04f901cf75465a6b49f8ad8006d31e5758cefcde266c
2025-09-08 12:25:57,156 - Image file:///Users/svenschafermeier/Library/ApplicationSupport/Signal/attachments.noindex/e5/e59d39e2b751e068e00a04f901cf75465a6b49f8ad8006d31e5758cefcde266c does not exist
2025-09-08 12:25:57,156 - Checking image file:///Users/svenschafermeier/Library/ApplicationSupport/Signal/attachments.noindex/ac/ac729e1148a936c4245330e290efa4ae1a6d174823f4aad5d0851181c9b25e6a
2025-09-08 12:25:57,156 - Image file:///Users/svenschafermeier/Library/ApplicationSupport/Signal/attachments.noindex/ac/ac729e1148a936c4245330e290efa4ae1a6d174823f4aad5d0851181c9b25e6a does not exist
2025-09-08 12:25:57,156 - Checking image file:///Users/svenschafermeier/Library/ApplicationSupport/Signal/attachments.noindex/3a/3afa8ebd7db4687b44cb1a015f0835f9ede03e762b8aebc09c803b694a20d896
2025-09-08 12:25:57,156 - Image file:///Users/svenschafermeier/Library/ApplicationSupport/Signal/attachments.noindex/3a/3afa8ebd7db4687b44cb1a015f0835f9ede03e762b8aebc09c803b694a20d896 does not exist
2025-09-08 12:25:57,157 - Checking image file:///Users/svenschafermeier/Library/ApplicationSupport/Signal/attachments.noindex/d4/d49499dc3642f1616426074b64ebf60deae93a53dd3d89c42504d758570556f5
2025-09-08 12:25:57,157 - Image file:///Users/svenschafermeier/Library/ApplicationSupport/Signal/attachments.noindex/d4/d49499dc3642f1616426074b64ebf60deae93a53dd3d89c42504d758570556f5 does not exist
2025-09-08 12:30:58,033 - Checking image file:///Users/svenschafermeier/Library/ApplicationSupport/Signal/attachments.noindex/78/78e0d0ea1cb82b0707bb81c729fe9bf219a9baefbc89f9761f88402eac56be58
2025-09-08 12:30:58,033 - Image file:///Users/svenschafermeier/Library/ApplicationSupport/Signal/attachments.noindex/78/78e0d0ea1cb82b0707bb81c729fe9bf219a9baefbc89f9761f88402eac56be58 does not exist
2025-09-08 12:30:58,034 - Checking image file:///Users/svenschafermeier/Library/ApplicationSupport/Signal/attachments.noindex/68/688f1b694ba68d1748d1ac2f6774edd34fc1607feaf0b82a06c986fdb3663c9a
2025-09-08 12:30:58,034 - Image file:///Users/svenschafermeier/Library/ApplicationSupport/Signal/attachments.noindex/68/688f1b694ba68d1748d1ac2f6774edd34fc1607feaf0b82a06c986fdb3663c9a does not exist
2025-09-08 12:30:58,034 - Checking image file:///Users/svenschafermeier/Library/ApplicationSupport/Signal/attachments.noindex/c4/c44730a7c52cd60260bc1f6380127852595e63ec8fa87ce4bcb6d75c0d473668
2025-09-08 12:30:58,034 - Image file:///Users/svenschafermeier/Library/ApplicationSupport/Signal/attachments.noindex/c4/c44730a7c52cd60260bc1f6380127852595e63ec8fa87ce4bcb6d75c0d473668 does not exist
2025-09-08 12:30:58,034 - Checking image file:///Users/svenschafermeier/Library/ApplicationSupport/Signal/attachments.noindex/1e/1e022216af2e21c8b8c74ec0dcb37bf5723951c7eeea57a97cc17acfae731b50
2025-09-08 12:30:58,034 - Image file:///Users/svenschafermeier/Library/ApplicationSupport/Signal/attachments.noindex/1e/1e022216af2e21c8b8c74ec0dcb37bf5723951c7eeea57a97cc17acfae731b50 does not exist
2025-09-08 12:30:58,034 - Checking image file:///Users/svenschafermeier/Library/ApplicationSupport/Signal/attachments.noindex/e3/e31fd73d3c7aebe7d832839bab981f818d23bca7bef587992fc0476bae181624
2025-09-08 12:30:58,034 - Image file:///Users/svenschafermeier/Library/ApplicationSupport/Signal/attachments.noindex/e3/e31fd73d3c7aebe7d832839bab981f818d23bca7bef587992fc0476bae181624 does not exist
2025-09-08 12:30:58,034 - Checking image file:///Users/svenschafermeier/Library/ApplicationSupport/Signal/attachments.noindex/c7/c71aa2c0bb444bb2df62fd1f968443fe0a33bca6d642de5d115a9391ba3cb9db
2025-09-08 12:30:58,034 - Image file:///Users/svenschafermeier/Library/ApplicationSupport/Signal/attachments.noindex/c7/c71aa2c0bb444bb2df62fd1f968443fe0a33bca6d642de5d115a9391ba3cb9db does not exist
2025-09-08 12:30:58,034 - Checking image file:///Users/svenschafermeier/Library/ApplicationSupport/Signal/attachments.noindex/63/63f8705cca6f40c4cab82fdf5b70579c9cfb170927b0c8dc0ff94cd149fdbee4
2025-09-08 12:30:58,034 - Image file:///Users/svenschafermeier/Library/ApplicationSupport/Signal/attachments.noindex/63/63f8705cca6f40c4cab82fdf5b70579c9cfb170927b0c8dc0ff94cd149fdbee4 does not exist
2025-09-08 12:30:58,034 - Checking image file:///Users/svenschafermeier/Library/ApplicationSupport/Signal/attachments.noindex/d6/d66f6419bd6cb41a0b8e2e13adff1b7f10640275de2ddb7edf7a70083cf178f4
2025-09-08 12:30:58,034 - Image file:///Users/svenschafermeier/Library/ApplicationSupport/Signal/attachments.noindex/d6/d66f6419bd6cb41a0b8e2e13adff1b7f10640275de2ddb7edf7a70083cf178f4 does not exist
2025-09-08 12:30:58,034 - Checking image file:///Users/svenschafermeier/Library/ApplicationSupport/Signal/attachments.noindex/1d/1d5a9152256bc21b88676dc3f22a2fcfd609bf97e74afe17c5b0c0ed9ed9575b
2025-09-08 12:30:58,035 - Image file:///Users/svenschafermeier/Library/ApplicationSupport/Signal/attachments.noindex/1d/1d5a9152256bc21b88676dc3f22a2fcfd609bf97e74afe17c5b0c0ed9ed9575b does not exist
2025-09-08 12:30:58,035 - Checking image file:///Users/svenschafermeier/Library/ApplicationSupport/Signal/attachments.noindex/41/41706ca9867825e59a8a595271d4a560410db70c7354ce3b85e912d2a4f87238
2025-09-08 12:30:58,035 - Image file:///Users/svenschafermeier/Library/ApplicationSupport/Signal/attachments.noindex/41/41706ca9867825e59a8a595271d4a560410db70c7354ce3b85e912d2a4f87238 does not exist
2025-09-08 12:30:58,035 - Checking image file:///Users/svenschafermeier/Library/ApplicationSupport/Signal/attachments.noindex/c6/c61d464f1046264df79a97180ea7831756196b730056693ffa34ae7c9911ef2a
2025-09-08 12:30:58,035 - Image file:///Users/svenschafermeier/Library/ApplicationSupport/Signal/attachments.noindex/c6/c61d464f1046264df79a97180ea7831756196b730056693ffa34ae7c9911ef2a does not exist
2025-09-08 12:30:58,035 - Checking image file:///Users/svenschafermeier/Library/ApplicationSupport/Signal/attachments.noindex/fa/fa8131cc2a838919643850dfc62c0f17c0e12d222c6cccb2f1029bb4ab29e075
2025-09-08 12:30:58,035 - Image file:///Users/svenschafermeier/Library/ApplicationSupport/Signal/attachments.noindex/fa/fa8131cc2a838919643850dfc62c0f17c0e12d222c6cccb2f1029bb4ab29e075 does not exist
2025-09-08 12:30:58,035 - Checking image file:///Users/svenschafermeier/Library/ApplicationSupport/Signal/attachments.noindex/ab/ab847215d18462eef53fbbcfe77c246cf8a40a9be1564f0665c1216238a8c14d
2025-09-08 12:30:58,035 - Image file:///Users/svenschafermeier/Library/ApplicationSupport/Signal/attachments.noindex/ab/ab847215d18462eef53fbbcfe77c246cf8a40a9be1564f0665c1216238a8c14d does not exist
2025-09-08 12:30:58,035 - Checking image file:///Users/svenschafermeier/Library/ApplicationSupport/Signal/attachments.noindex/a4/a4089abbb067d293aa79d01e18cfa6fe98b04a593df8c29e1f91ba6809400a3a
2025-09-08 12:30:58,035 - Image file:///Users/svenschafermeier/Library/ApplicationSupport/Signal/attachments.noindex/a4/a4089abbb067d293aa79d01e18cfa6fe98b04a593df8c29e1f91ba6809400a3a does not exist
2025-09-08 12:30:58,035 - Checking image file:///Users/svenschafermeier/Library/ApplicationSupport/Signal/attachments.noindex/2e/2e6d5f2f8ce8babbafef39373a0b3102fe3903362b6a4a1991b2160e3fa8b344
2025-09-08 12:30:58,035 - Image file:///Users/svenschafermeier/Library/ApplicationSupport/Signal/attachments.noindex/2e/2e6d5f2f8ce8babbafef39373a0b3102fe3903362b6a4a1991b2160e3fa8b344 does not exist
2025-09-08 12:30:58,035 - Checking image file:///Users/svenschafermeier/Library/ApplicationSupport/Signal/attachments.noindex/0b/0b2fd15ca2258a34770a29b43d6b0a7811770d4947db2d744744a1bf14f2b6f5
2025-09-08 12:30:58,035 - Image file:///Users/svenschafermeier/Library/ApplicationSupport/Signal/attachments.noindex/0b/0b2fd15ca2258a34770a29b43d6b0a7811770d4947db2d744744a1bf14f2b6f5 does not exist
2025-09-08 12:30:58,035 - Checking image file:///Users/svenschafermeier/Library/ApplicationSupport/Signal/attachments.noindex/ea/eaadbb2dead0848c86fd58182ce3f096b4707f3da59c0d76060daa2b9752380a
2025-09-08 12:30:58,035 - Image file:///Users/svenschafermeier/Library/ApplicationSupport/Signal/attachments.noindex/ea/eaadbb2dead0848c86fd58182ce3f096b4707f3da59c0d76060daa2b9752380a does not exist
2025-09-08 12:30:58,035 - Checking image file:///Users/svenschafermeier/Library/ApplicationSupport/Signal/attachments.noindex/ab/ab75136914ef0c6dead8de1ddb2092fce383aa6c6bf8a3e0c05e14d6ae5eeebc
2025-09-08 12:30:58,035 - Image file:///Users/svenschafermeier/Library/ApplicationSupport/Signal/attachments.noindex/ab/ab75136914ef0c6dead8de1ddb2092fce383aa6c6bf8a3e0c05e14d6ae5eeebc does not exist
2025-09-08 12:30:58,036 - Checking image file:///Users/svenschafermeier/Library/ApplicationSupport/Signal/attachments.noindex/2e/2e1656ddd7d94ecb14d9f193906496c9629de2f3e26f1396e01a61759234a30c
2025-09-08 12:30:58,036 - Image file:///Users/svenschafermeier/Library/ApplicationSupport/Signal/attachments.noindex/2e/2e1656ddd7d94ecb14d9f193906496c9629de2f3e26f1396e01a61759234a30c does not exist
2025-09-08 12:30:58,036 - Checking image file:///Users/svenschafermeier/Library/ApplicationSupport/Signal/attachments.noindex/b5/b5457518b38cdd4625d6c494bb427121ea6e3e0de7bc949a09ea9bd41753af35
2025-09-08 12:30:58,036 - Image file:///Users/svenschafermeier/Library/ApplicationSupport/Signal/attachments.noindex/b5/b5457518b38cdd4625d6c494bb427121ea6e3e0de7bc949a09ea9bd41753af35 does not exist
2025-09-08 12:30:58,036 - Checking image file:///Users/svenschafermeier/Library/ApplicationSupport/Signal/attachments.noindex/60/601881def07c123266b3a54071b3de2019f4f4a798739ee543cf90c6a26b97fa
2025-09-08 12:30:58,036 - Image file:///Users/svenschafermeier/Library/ApplicationSupport/Signal/attachments.noindex/60/601881def07c123266b3a54071b3de2019f4f4a798739ee543cf90c6a26b97fa does not exist
2025-09-08 12:30:58,036 - Checking image file:///Users/svenschafermeier/Library/ApplicationSupport/Signal/attachments.noindex/b2/b24b938b7e1aa89573195fd32f869938ee17ee175f1e907bc316f2efba7b53f2
2025-09-08 12:30:58,036 - Image file:///Users/svenschafermeier/Library/ApplicationSupport/Signal/attachments.noindex/b2/b24b938b7e1aa89573195fd32f869938ee17ee175f1e907bc316f2efba7b53f2 does not exist
2025-09-08 12:30:58,036 - Checking image file:///Users/svenschafermeier/Library/ApplicationSupport/Signal/attachments.noindex/75/756e66885095a47a3bf906ec36594957065195296000fb534d1ecf96d162fb89
2025-09-08 12:30:58,036 - Image file:///Users/svenschafermeier/Library/ApplicationSupport/Signal/attachments.noindex/75/756e66885095a47a3bf906ec36594957065195296000fb534d1ecf96d162fb89 does not exist
2025-09-08 12:30:58,036 - Checking image file:///Users/svenschafermeier/Library/ApplicationSupport/Signal/attachments.noindex/cb/cb998c31fed8088d864a5561495c7251d14cdb554748dcfc506c909093735eb0
2025-09-08 12:30:58,036 - Image file:///Users/svenschafermeier/Library/ApplicationSupport/Signal/attachments.noindex/cb/cb998c31fed8088d864a5561495c7251d14cdb554748dcfc506c909093735eb0 does not exist
2025-09-08 12:30:58,036 - Checking image file:///Users/svenschafermeier/Library/ApplicationSupport/Signal/attachments.noindex/0e/0e1d348f795414f2bc2b0cc42ef7d835f0bf4fd9d33a1ec6ba4868a5cf1ad0a0
2025-09-08 12:30:58,036 - Image file:///Users/svenschafermeier/Library/ApplicationSupport/Signal/attachments.noindex/0e/0e1d348f795414f2bc2b0cc42ef7d835f0bf4fd9d33a1ec6ba4868a5cf1ad0a0 does not exist
2025-09-08 12:30:58,036 - Checking image file:///Users/svenschafermeier/Library/ApplicationSupport/Signal/attachments.noindex/8a/8a6781e432a4e20141743abfc2f568285517760fbc89422e533132c45e356292
2025-09-08 12:30:58,036 - Image file:///Users/svenschafermeier/Library/ApplicationSupport/Signal/attachments.noindex/8a/8a6781e432a4e20141743abfc2f568285517760fbc89422e533132c45e356292 does not exist
2025-09-08 12:30:58,036 - Checking image file:///Users/svenschafermeier/Library/ApplicationSupport/Signal/attachments.noindex/0f/0f505f79fb3752367eb356af720ba44c88b3839a02aa9f1f4c22fa46d1d3ab19
2025-09-08 12:30:58,036 - Image file:///Users/svenschafermeier/Library/ApplicationSupport/Signal/attachments.noindex/0f/0f505f79fb3752367eb356af720ba44c88b3839a02aa9f1f4c22fa46d1d3ab19 does not exist
2025-09-08 12:30:58,036 - Checking image file:///Users/svenschafermeier/Library/ApplicationSupport/Signal/attachments.noindex/fb/fb679665a5bf4fbd9f5ba2d8df69d72c623d9d0613f6e440d8cd1a29c459073b
2025-09-08 12:30:58,036 - Image file:///Users/svenschafermeier/Library/ApplicationSupport/Signal/attachments.noindex/fb/fb679665a5bf4fbd9f5ba2d8df69d72c623d9d0613f6e440d8cd1a29c459073b does not exist
2025-09-08 12:30:58,036 - Checking image file:///Users/svenschafermeier/Library/ApplicationSupport/Signal/attachments.noindex/99/9920563660617eeb7383f9c9089907e7abeda4bd1d35a004ef116d6bbd8b7bce
2025-09-08 12:30:58,036 - Image file:///Users/svenschafermeier/Library/ApplicationSupport/Signal/attachments.noindex/99/9920563660617eeb7383f9c9089907e7abeda4bd1d35a004ef116d6bbd8b7bce does not exist
2025-09-08 12:30:58,037 - Checking image file:///Users/svenschafermeier/Library/ApplicationSupport/Signal/attachments.noindex/44/4458f5ab038088eb443515792dcaf105dc56ea06058d21026c222536121f7bdb
2025-09-08 12:30:58,037 - Image file:///Users/svenschafermeier/Library/ApplicationSupport/Signal/attachments.noindex/44/4458f5ab038088eb443515792dcaf105dc56ea06058d21026c222536121f7bdb does not exist
2025-09-08 12:30:58,037 - Checking image file:///Users/svenschafermeier/Library/ApplicationSupport/Signal/attachments.noindex/70/70c220b993c0c41354b16a29014785f435bf167582674a63da801ba31e784282
2025-09-08 12:30:58,037 - Image file:///Users/svenschafermeier/Library/ApplicationSupport/Signal/attachments.noindex/70/70c220b993c0c41354b16a29014785f435bf167582674a63da801ba31e784282 does not exist
2025-09-08 12:30:58,037 - Checking image file:///Users/svenschafermeier/Library/ApplicationSupport/Signal/attachments.noindex/59/592d68c10308c306b91a06fcb8f91928020bf06d89c39e3953f4499cb318e11e
2025-09-08 12:30:58,037 - Image file:///Users/svenschafermeier/Library/ApplicationSupport/Signal/attachments.noindex/59/592d68c10308c306b91a06fcb8f91928020bf06d89c39e3953f4499cb318e11e does not exist
2025-09-08 12:30:58,037 - Checking image file:///Users/svenschafermeier/Library/ApplicationSupport/Signal/attachments.noindex/5c/5c7339a11f7120ec799c5b37eed898c70124241c2cafcf09d4cbf47d91d553f5
2025-09-08 12:30:58,037 - Image file:///Users/svenschafermeier/Library/ApplicationSupport/Signal/attachments.noindex/5c/5c7339a11f7120ec799c5b37eed898c70124241c2cafcf09d4cbf47d91d553f5 does not exist
2025-09-08 12:30:58,037 - Checking image file:///Users/svenschafermeier/Library/ApplicationSupport/Signal/attachments.noindex/c9/c971df7f60cfd47c37f3062e634227a625d70a8ec75996d71cf33412ed96cb87
2025-09-08 12:30:58,037 - Image file:///Users/svenschafermeier/Library/ApplicationSupport/Signal/attachments.noindex/c9/c971df7f60cfd47c37f3062e634227a625d70a8ec75996d71cf33412ed96cb87 does not exist
2025-09-08 12:30:58,037 - Checking image file:///Users/svenschafermeier/Library/ApplicationSupport/Signal/attachments.noindex/77/777cb98033c11c2fb1c25182bddf2ff946bfaba4a4bc379982969c9190600312
2025-09-08 12:30:58,037 - Image file:///Users/svenschafermeier/Library/ApplicationSupport/Signal/attachments.noindex/77/777cb98033c11c2fb1c25182bddf2ff946bfaba4a4bc379982969c9190600312 does not exist
2025-09-08 12:30:58,037 - Checking image file:///Users/svenschafermeier/Library/ApplicationSupport/Signal/attachments.noindex/1a/1aa324cd47707dc26ae6db212e4129cce2a9e4b52d7eef6b207de5735a747e19
2025-09-08 12:30:58,037 - Image file:///Users/svenschafermeier/Library/ApplicationSupport/Signal/attachments.noindex/1a/1aa324cd47707dc26ae6db212e4129cce2a9e4b52d7eef6b207de5735a747e19 does not exist
2025-09-08 12:30:58,037 - Checking image file:///Users/svenschafermeier/Library/ApplicationSupport/Signal/attachments.noindex/b7/b7d8400ef88a64bb839879d4afa896480826446dd0e528e58f3e3a7861d8a084
2025-09-08 12:30:58,037 - Image file:///Users/svenschafermeier/Library/ApplicationSupport/Signal/attachments.noindex/b7/b7d8400ef88a64bb839879d4afa896480826446dd0e528e58f3e3a7861d8a084 does not exist
2025-09-08 12:30:58,038 - Checking image file:///Users/svenschafermeier/Library/ApplicationSupport/Signal/attachments.noindex/e5/e59d39e2b751e068e00a04f901cf75465a6b49f8ad8006d31e5758cefcde266c
2025-09-08 12:30:58,038 - Image file:///Users/svenschafermeier/Library/ApplicationSupport/Signal/attachments.noindex/e5/e59d39e2b751e068e00a04f901cf75465a6b49f8ad8006d31e5758cefcde266c does not exist
2025-09-08 12:30:58,038 - Checking image file:///Users/svenschafermeier/Library/ApplicationSupport/Signal/attachments.noindex/ac/ac729e1148a936c4245330e290efa4ae1a6d174823f4aad5d0851181c9b25e6a
2025-09-08 12:30:58,038 - Image file:///Users/svenschafermeier/Library/ApplicationSupport/Signal/attachments.noindex/ac/ac729e1148a936c4245330e290efa4ae1a6d174823f4aad5d0851181c9b25e6a does not exist
2025-09-08 12:30:58,038 - Checking image file:///Users/svenschafermeier/Library/ApplicationSupport/Signal/attachments.noindex/3a/3afa8ebd7db4687b44cb1a015f0835f9ede03e762b8aebc09c803b694a20d896
2025-09-08 12:30:58,038 - Image file:///Users/svenschafermeier/Library/ApplicationSupport/Signal/attachments.noindex/3a/3afa8ebd7db4687b44cb1a015f0835f9ede03e762b8aebc09c803b694a20d896 does not exist
2025-09-08 12:30:58,038 - Checking image file:///Users/svenschafermeier/Library/ApplicationSupport/Signal/attachments.noindex/d4/d49499dc3642f1616426074b64ebf60deae93a53dd3d89c42504d758570556f5
2025-09-08 12:30:58,038 - Image file:///Users/svenschafermeier/Library/ApplicationSupport/Signal/attachments.noindex/d4/d49499dc3642f1616426074b64ebf60deae93a53dd3d89c42504d758570556f5 does not exist
